<?xml version="1.0" encoding="UTF-8"?>
<testng-results ignored="2" total="4" passed="2" failed="0" skipped="0">
  <reporter-output>
  </reporter-output>
  <suite started-at="2022-04-13T16:52:53 IST" name="Default suite" finished-at="2022-04-13T16:52:59 IST" duration-ms="5028">
    <groups>
      <group name="Chrome">
        <method signature="ParallelTest.LaunchChrome()[pri:0, instance:com.simplilearn.demo.ParallelTest@17497425]" name="LaunchChrome" class="com.simplilearn.demo.ParallelTest"/>
        <method signature="ParallelTest.TryFacebook()[pri:0, instance:com.simplilearn.demo.ParallelTest@17497425]" name="TryFacebook" class="com.simplilearn.demo.ParallelTest"/>
      </group> <!-- Chrome -->
    </groups>
    <test started-at="2022-04-13T16:52:53 IST" name="Default test" finished-at="2022-04-13T16:52:59 IST" duration-ms="5028">
      <class name="com.simplilearn.demo.ParallelTest">
        <test-method signature="LaunchChrome()[pri:0, instance:com.simplilearn.demo.ParallelTest@17497425]" started-at="2022-04-13T16:52:54 IST" name="LaunchChrome" finished-at="2022-04-13T16:52:58 IST" duration-ms="4826" status="PASS">
          <reporter-output>
          </reporter-output>
        </test-method> <!-- LaunchChrome -->
        <test-method signature="TryFacebook()[pri:0, instance:com.simplilearn.demo.ParallelTest@17497425]" started-at="2022-04-13T16:52:58 IST" name="TryFacebook" finished-at="2022-04-13T16:52:59 IST" depends-on-methods="com.simplilearn.demo.ParallelTest.LaunchChrome" duration-ms="151" status="PASS">
          <reporter-output>
          </reporter-output>
        </test-method> <!-- TryFacebook -->
      </class> <!-- com.simplilearn.demo.ParallelTest -->
    </test> <!-- Default test -->
  </suite> <!-- Default suite -->
</testng-results>
