<?xml version="1.0" encoding="UTF-8"?>
<!-- Generated by org.testng.reporters.JUnitXMLReporter -->
<testsuite ignored="2" hostname="LAPTOP-BH3S1NRN" failures="0" tests="2" name="Default test" time="5.028" errors="0" timestamp="2022-04-13T16:52:59 IST">
  <testcase classname="com.simplilearn.demo.ParallelTest" name="LaunchChrome" time="4.826"/>
  <testcase classname="com.simplilearn.demo.ParallelTest" name="TryFacebook" time="0.151"/>
  <testcase classname="com.simplilearn.demo.ParallelTest" name="TryFacebook2" time="0.0">
    <ignored/>
  </testcase> <!-- TryFacebook2 -->
  <testcase classname="com.simplilearn.demo.ParallelTest" name="LaunchFirfox" time="0.0">
    <ignored/>
  </testcase> <!-- LaunchFirfox -->
</testsuite> <!-- Default test -->
